.
├── android
│   └── configs
├── arch
│   ├── alpha
│   ├── arc
│   ├── arm
│   ├── arm64
│   ├── avr32
│   ├── blackfin
│   ├── c6x
│   ├── cris
│   ├── frv
│   ├── hexagon
│   ├── ia64
│   ├── m32r
│   ├── m68k
│   ├── metag
│   ├── microblaze
│   ├── mips
│   ├── mn10300
│   ├── openrisc
│   ├── parisc
│   ├── powerpc
│   ├── s390
│   ├── score
│   ├── sh
│   ├── sparc
│   ├── tile
│   ├── um
│   ├── unicore32
│   ├── x86
│   └── xtensa
├── block
│   └── partitions
├── crypto
│   ├── asymmetric_keys
│   └── async_tx
├── Documentation
│   ├── ABI
│   ├── accounting
│   ├── acpi
│   ├── aoe
│   ├── arm
│   ├── arm64
│   ├── auxdisplay
│   ├── backlight
│   ├── blackfin
│   ├── block
│   ├── blockdev
│   ├── bus-devices
│   ├── cdrom
│   ├── cgroups
│   ├── connector
│   ├── console
│   ├── cpu-freq
│   ├── cpuidle
│   ├── cris
│   ├── crypto
│   ├── development-process
│   ├── device-mapper
│   ├── devicetree
│   ├── DocBook
│   ├── driver-model
│   ├── dvb
│   ├── early-userspace
│   ├── EDID
│   ├── extcon
│   ├── fault-injection
│   ├── fb
│   ├── filesystems
│   ├── firmware_class
│   ├── fmc
│   ├── frv
│   ├── gpio
│   ├── hid
│   ├── hwmon
│   ├── i2c
│   ├── i2o
│   ├── ia64
│   ├── ide
│   ├── infiniband
│   ├── input
│   ├── ioctl
│   ├── isdn
│   ├── ja_JP
│   ├── kbuild
│   ├── kdump
│   ├── ko_KR
│   ├── laptops
│   ├── leds
│   ├── locking
│   ├── m68k
│   ├── memory-devices
│   ├── metag
│   ├── mic
│   ├── mips
│   ├── misc-devices
│   ├── mmc
│   ├── mn10300
│   ├── mtd
│   ├── namespaces
│   ├── netlabel
│   ├── networking
│   ├── nfc
│   ├── parisc
│   ├── PCI
│   ├── pcmcia
│   ├── phy
│   ├── platform
│   ├── power
│   ├── powerpc
│   ├── pps
│   ├── prctl
│   ├── pti
│   ├── ptp
│   ├── rapidio
│   ├── RCU
│   ├── s390
│   ├── scheduler
│   ├── scsi
│   ├── security
│   ├── serial
│   ├── sh
│   ├── sound
│   ├── spi
│   ├── sysctl
│   ├── target
│   ├── thermal
│   ├── timers
│   ├── tpm
│   ├── trace
│   ├── usb
│   ├── vDSO
│   ├── video4linux
│   ├── virtual
│   ├── vm
│   ├── w1
│   ├── watchdog
│   ├── wimax
│   ├── x86
│   ├── xtensa
│   └── zh_CN
├── drivers
│   ├── accessibility
│   ├── acpi
│   ├── amba
│   ├── ata
│   ├── atm
│   ├── auxdisplay
│   ├── base
│   ├── bcma
│   ├── block
│   ├── bluetooth
│   ├── bus
│   ├── cdrom
│   ├── char
│   ├── clk
│   ├── clocksource
│   ├── connector
│   ├── cpufreq
│   ├── cpuidle
│   ├── crypto
│   ├── dca
│   ├── devfreq
│   ├── dio
│   ├── dma
│   ├── dma-buf
│   ├── edac
│   ├── eisa
│   ├── extcon
│   ├── firewire
│   ├── firmware
│   ├── fmc
│   ├── gpio
│   ├── gpu
│   ├── hid
│   ├── hsi
│   ├── hv
│   ├── hwmon
│   ├── hwspinlock
│   ├── i2c
│   ├── ide
│   ├── idle
│   ├── iio
│   ├── infiniband
│   ├── input
│   ├── iommu
│   ├── ipack
│   ├── irqchip
│   ├── isdn
│   ├── leds
│   ├── lguest
│   ├── macintosh
│   ├── mailbox
│   ├── mcb
│   ├── md
│   ├── media
│   ├── memory
│   ├── memstick
│   ├── message
│   ├── mfd
│   ├── misc
│   ├── mmc
│   ├── mtd
│   ├── net
│   ├── nfc
│   ├── ntb
│   ├── nubus
│   ├── of
│   ├── oprofile
│   ├── parisc
│   ├── parport
│   ├── pci
│   ├── pcmcia
│   ├── phy
│   ├── pinctrl
│   ├── platform
│   ├── pnp
│   ├── power
│   ├── powercap
│   ├── pps
│   ├── ps3
│   ├── ptp
│   ├── pwm
│   ├── rapidio
│   ├── ras
│   ├── regulator
│   ├── remoteproc
│   ├── reset
│   ├── rpmsg
│   ├── rtc
│   ├── s390
│   ├── sbus
│   ├── scsi
│   ├── sfi
│   ├── sh
│   ├── sn
│   ├── soc
│   ├── spi
│   ├── spmi
│   ├── ssb
│   ├── staging
│   ├── switch
│   ├── target
│   ├── tc
│   ├── thermal
│   ├── thunderbolt
│   ├── trusty
│   ├── tty
│   ├── uio
│   ├── usb
│   ├── uwb
│   ├── vfio
│   ├── vhost
│   ├── video
│   ├── virt
│   ├── virtio
│   ├── vlynq
│   ├── vme
│   ├── w1
│   ├── watchdog
│   ├── xen
│   └── zorro
├── firmware
│   ├── 3com
│   ├── acenic
│   ├── adaptec
│   ├── advansys
│   ├── av7110
│   ├── bnx2
│   ├── bnx2x
│   ├── cis
│   ├── cpia2
│   ├── cxgb3
│   ├── dsp56k
│   ├── e100
│   ├── edgeport
│   ├── emi26
│   ├── emi62
│   ├── ess
│   ├── kaweth
│   ├── keyspan
│   ├── keyspan_pda
│   ├── korg
│   ├── matrox
│   ├── myricom
│   ├── ositech
│   ├── qlogic
│   ├── r128
│   ├── radeon
│   ├── sb16
│   ├── sun
│   ├── tehuti
│   ├── tigon
│   ├── ttusb-budget
│   ├── vicam
│   ├── yam
│   └── yamaha
├── fs
│   ├── 9p
│   ├── adfs
│   ├── affs
│   ├── afs
│   ├── autofs4
│   ├── befs
│   ├── bfs
│   ├── btrfs
│   ├── cachefiles
│   ├── ceph
│   ├── cifs
│   ├── coda
│   ├── configfs
│   ├── cramfs
│   ├── debugfs
│   ├── devpts
│   ├── dlm
│   ├── ecryptfs
│   ├── efivarfs
│   ├── efs
│   ├── exofs
│   ├── exportfs
│   ├── ext2
│   ├── ext3
│   ├── ext4
│   ├── f2fs
│   ├── fat
│   ├── freevxfs
│   ├── fscache
│   ├── fuse
│   ├── gfs2
│   ├── hfs
│   ├── hfsplus
│   ├── hostfs
│   ├── hpfs
│   ├── hppfs
│   ├── hugetlbfs
│   ├── isofs
│   ├── jbd
│   ├── jbd2
│   ├── jffs2
│   ├── jfs
│   ├── kernfs
│   ├── lockd
│   ├── logfs
│   ├── minix
│   ├── ncpfs
│   ├── nfs
│   ├── nfs_common
│   ├── nfsd
│   ├── nilfs2
│   ├── nls
│   ├── notify
│   ├── ntfs
│   ├── ocfs2
│   ├── omfs
│   ├── openpromfs
│   ├── overlayfs
│   ├── proc
│   ├── pstore
│   ├── qnx4
│   ├── qnx6
│   ├── quota
│   ├── ramfs
│   ├── rawfs
│   ├── reiserfs
│   ├── romfs
│   ├── squashfs
│   ├── sysfs
│   ├── sysv
│   ├── ubifs
│   ├── udf
│   ├── ufs
│   ├── xfs
│   └── yaffs2
├── include
│   ├── acpi
│   ├── asm-generic
│   ├── clocksource
│   ├── crypto
│   ├── drm
│   ├── dt-bindings
│   ├── keys
│   ├── kvm
│   ├── linux
│   ├── math-emu
│   ├── media
│   ├── memory
│   ├── misc
│   ├── net
│   ├── pcmcia
│   ├── ras
│   ├── rdma
│   ├── rxrpc
│   ├── scsi
│   ├── soc
│   ├── sound
│   ├── target
│   ├── trace
│   ├── trustzone
│   ├── uapi
│   ├── video
│   └── xen
├── init
├── ipc
├── kernel
│   ├── bpf
│   ├── configs
│   ├── debug
│   ├── events
│   ├── gcov
│   ├── irq
│   ├── locking
│   ├── power
│   ├── printk
│   ├── rcu
│   ├── sched
│   ├── time
│   └── trace
├── lib
│   ├── fonts
│   ├── lz4
│   ├── lz4k
│   ├── lzo
│   ├── mpi
│   ├── raid6
│   ├── reed_solomon
│   ├── xz
│   ├── zlib_deflate
│   └── zlib_inflate
├── mm
├── net
│   ├── 6lowpan
│   ├── 802
│   ├── 8021q
│   ├── 9p
│   ├── appletalk
│   ├── atm
│   ├── ax25
│   ├── batman-adv
│   ├── bluetooth
│   ├── bridge
│   ├── caif
│   ├── can
│   ├── ceph
│   ├── core
│   ├── dcb
│   ├── dccp
│   ├── decnet
│   ├── dns_resolver
│   ├── dsa
│   ├── ethernet
│   ├── hsr
│   ├── ieee802154
│   ├── ipv4
│   ├── ipv6
│   ├── ipx
│   ├── irda
│   ├── iucv
│   ├── key
│   ├── l2tp
│   ├── lapb
│   ├── llc
│   ├── mac80211
│   ├── mac802154
│   ├── mpls
│   ├── netfilter
│   ├── netlabel
│   ├── netlink
│   ├── netrom
│   ├── nfc
│   ├── openvswitch
│   ├── packet
│   ├── phonet
│   ├── rds
│   ├── rfkill
│   ├── rose
│   ├── rxrpc
│   ├── sched
│   ├── sctp
│   ├── sunrpc
│   ├── tipc
│   ├── unix
│   ├── vmw_vsock
│   ├── wimax
│   ├── wireless
│   ├── x25
│   └── xfrm
├── samples
│   ├── bpf
│   ├── hidraw
│   ├── hw_breakpoint
│   ├── kdb
│   ├── kfifo
│   ├── kobject
│   ├── kprobes
│   ├── rpmsg
│   ├── seccomp
│   ├── trace_events
│   └── uhid
├── scripts
│   ├── basic
│   ├── coccinelle
│   ├── drvgen
│   ├── dtc
│   ├── genksyms
│   ├── kconfig
│   ├── ksymoops
│   ├── mod
│   ├── package
│   ├── rt-tester
│   ├── selinux
│   └── tracing
├── security
│   ├── apparmor
│   ├── integrity
│   ├── keys
│   ├── selinux
│   ├── smack
│   ├── tomoyo
│   └── yama
├── sound
│   ├── aoa
│   ├── arm
│   ├── atmel
│   ├── core
│   ├── drivers
│   ├── firewire
│   ├── i2c
│   ├── isa
│   ├── mips
│   ├── oss
│   ├── parisc
│   ├── pci
│   ├── pcmcia
│   ├── ppc
│   ├── sh
│   ├── soc
│   ├── sparc
│   ├── spi
│   ├── synth
│   └── usb
├── tools
│   ├── cgroup
│   ├── dct
│   ├── firewire
│   ├── hv
│   ├── include
│   ├── lguest
│   ├── lib
│   ├── net
│   ├── nfsd
│   ├── perf
│   ├── power
│   ├── scripts
│   ├── testing
│   ├── thermal
│   ├── time
│   ├── usb
│   ├── virtio
│   └── vm
├── usr
└── virt
    └── kvm

563 directories
